<?xml version="1.0" encoding="UTF-8"?>
<!-- Generated by org.testng.reporters.JUnitReportReporter -->
<testsuite hostname="DESKTOP-RG609L7" failures="0" tests="1" name="LeadCreation.Leadcreation" time="124.669" errors="0" timestamp="2023-09-14T13:59:28 IST" skipped="0">
  <testcase classname="LeadCreation.Leadcreation" name="Customercreation100" time="124.669"/>
  <system-out/>
</testsuite> <!-- LeadCreation.Leadcreation -->
