<?xml version="1.0" encoding="UTF-8"?>
<!-- Generated by org.testng.reporters.JUnitReportReporter -->
<testsuite hostname="DESKTOP-RG609L7" failures="0" tests="1" name="LeadCreation.Leadcreation" time="128.401" errors="0" timestamp="2023-10-16T15:18:27 IST" skipped="0">
  <testcase classname="LeadCreation.Leadcreation" name="Customercreation100" time="128.401"/>
  <system-out/>
</testsuite> <!-- LeadCreation.Leadcreation -->
